{"/home/jefferson/Studies/nodejs/studies/api-rest-testes/src/config/constants.js": {"path":"/home/jefferson/Studies/nodejs/studies/api-rest-testes/src/config/constants.js","statementMap":{"0":{"start":{"line":1,"column":19},"end":{"line":1,"column":53}},"1":{"start":{"line":3,"column":22},"end":{"line":7,"column":1}}},"fnMap":{},"branchMap":{},"s":{"0":1,"1":1},"f":{},"b":{},"_coverageSchema":"1a1c01bbd47fc00a2c39e90264f33305004495a9","hash":"f6c44453303f6dc1e2922405dcbc178c1951b4d4"}
,"/home/jefferson/Studies/nodejs/studies/api-rest-testes/src/db/dbconfig.js": {"path":"/home/jefferson/Studies/nodejs/studies/api-rest-testes/src/db/dbconfig.js","statementMap":{"0":{"start":{"line":5,"column":19},"end":{"line":5,"column":49}},"1":{"start":{"line":6,"column":18},"end":{"line":6,"column":42}},"2":{"start":{"line":8,"column":11},"end":{"line":14,"column":2}}},"fnMap":{},"branchMap":{},"s":{"0":1,"1":1,"2":1},"f":{},"b":{},"_coverageSchema":"1a1c01bbd47fc00a2c39e90264f33305004495a9","hash":"25aeb65c893e0ddea845f144b76ed9edff38353b"}
,"/home/jefferson/Studies/nodejs/studies/api-rest-testes/src/models/usuario.js": {"path":"/home/jefferson/Studies/nodejs/studies/api-rest-testes/src/models/usuario.js","statementMap":{"0":{"start":{"line":14,"column":4},"end":{"line":14,"column":25}},"1":{"start":{"line":15,"column":4},"end":{"line":15,"column":21}},"2":{"start":{"line":16,"column":4},"end":{"line":16,"column":23}},"3":{"start":{"line":17,"column":4},"end":{"line":17,"column":23}},"4":{"start":{"line":18,"column":4},"end":{"line":18,"column":61}},"5":{"start":{"line":19,"column":4},"end":{"line":19,"column":61}},"6":{"start":{"line":23,"column":4},"end":{"line":23,"column":43}},"7":{"start":{"line":27,"column":22},"end":{"line":27,"column":73}},"8":{"start":{"line":28,"column":4},"end":{"line":28,"column":24}},"9":{"start":{"line":32,"column":22},"end":{"line":32,"column":76}},"10":{"start":{"line":33,"column":4},"end":{"line":33,"column":24}},"11":{"start":{"line":37,"column":4},"end":{"line":40,"column":74}},"12":{"start":{"line":38,"column":32},"end":{"line":39,"column":39}},"13":{"start":{"line":40,"column":37},"end":{"line":40,"column":72}},"14":{"start":{"line":45,"column":4},"end":{"line":47,"column":65}},"15":{"start":{"line":49,"column":4},"end":{"line":49,"column":57}},"16":{"start":{"line":54,"column":4},"end":{"line":56,"column":13}},"17":{"start":{"line":63,"column":4},"end":{"line":66,"column":5}},"18":{"start":{"line":64,"column":24},"end":{"line":64,"column":53}},"19":{"start":{"line":65,"column":6},"end":{"line":65,"column":23}},"20":{"start":{"line":67,"column":22},"end":{"line":67,"column":40}},"21":{"start":{"line":68,"column":4},"end":{"line":68,"column":21}}},"fnMap":{"0":{"name":"(anonymous_0)","decl":{"start":{"line":6,"column":2},"end":{"line":6,"column":3}},"loc":{"start":{"line":13,"column":5},"end":{"line":20,"column":3}},"line":13},"1":{"name":"(anonymous_1)","decl":{"start":{"line":22,"column":2},"end":{"line":22,"column":3}},"loc":{"start":{"line":22,"column":31},"end":{"line":24,"column":3}},"line":22},"2":{"name":"(anonymous_2)","decl":{"start":{"line":26,"column":2},"end":{"line":26,"column":3}},"loc":{"start":{"line":26,"column":31},"end":{"line":29,"column":3}},"line":26},"3":{"name":"(anonymous_3)","decl":{"start":{"line":31,"column":2},"end":{"line":31,"column":3}},"loc":{"start":{"line":31,"column":37},"end":{"line":34,"column":3}},"line":31},"4":{"name":"(anonymous_4)","decl":{"start":{"line":36,"column":2},"end":{"line":36,"column":3}},"loc":{"start":{"line":36,"column":16},"end":{"line":41,"column":3}},"line":36},"5":{"name":"(anonymous_5)","decl":{"start":{"line":38,"column":12},"end":{"line":38,"column":13}},"loc":{"start":{"line":38,"column":32},"end":{"line":39,"column":39}},"line":38},"6":{"name":"(anonymous_6)","decl":{"start":{"line":40,"column":12},"end":{"line":40,"column":13}},"loc":{"start":{"line":40,"column":37},"end":{"line":40,"column":72}},"line":40},"7":{"name":"(anonymous_7)","decl":{"start":{"line":43,"column":2},"end":{"line":43,"column":3}},"loc":{"start":{"line":43,"column":22},"end":{"line":50,"column":3}},"line":43},"8":{"name":"(anonymous_8)","decl":{"start":{"line":52,"column":2},"end":{"line":52,"column":3}},"loc":{"start":{"line":52,"column":27},"end":{"line":57,"column":3}},"line":52},"9":{"name":"(anonymous_9)","decl":{"start":{"line":59,"column":2},"end":{"line":59,"column":3}},"loc":{"start":{"line":59,"column":17},"end":{"line":69,"column":3}},"line":59}},"branchMap":{"0":{"loc":{"start":{"line":14,"column":14},"end":{"line":14,"column":24}},"type":"binary-expr","locations":[{"start":{"line":14,"column":14},"end":{"line":14,"column":18}},{"start":{"line":14,"column":22},"end":{"line":14,"column":24}}],"line":14},"1":{"loc":{"start":{"line":18,"column":22},"end":{"line":18,"column":60}},"type":"binary-expr","locations":[{"start":{"line":18,"column":22},"end":{"line":18,"column":32}},{"start":{"line":18,"column":36},"end":{"line":18,"column":60}}],"line":18},"2":{"loc":{"start":{"line":19,"column":22},"end":{"line":19,"column":60}},"type":"binary-expr","locations":[{"start":{"line":19,"column":22},"end":{"line":19,"column":32}},{"start":{"line":19,"column":36},"end":{"line":19,"column":60}}],"line":19},"3":{"loc":{"start":{"line":63,"column":4},"end":{"line":66,"column":5}},"type":"if","locations":[{"start":{"line":63,"column":4},"end":{"line":66,"column":5}},{"start":{},"end":{}}],"line":63}},"s":{"0":2,"1":2,"2":2,"3":2,"4":2,"5":2,"6":0,"7":0,"8":0,"9":0,"10":0,"11":1,"12":1,"13":1,"14":0,"15":0,"16":1,"17":1,"18":0,"19":0,"20":1,"21":1},"f":{"0":2,"1":0,"2":0,"3":0,"4":1,"5":1,"6":1,"7":0,"8":1,"9":1},"b":{"0":[2,2],"1":[2,1],"2":[2,1],"3":[0,1]},"_coverageSchema":"1a1c01bbd47fc00a2c39e90264f33305004495a9","hash":"a2c07ba258cc13bbeff8ba1ac1b933045e807202"}
,"/home/jefferson/Studies/nodejs/studies/api-rest-testes/src/services/authService.js": {"path":"/home/jefferson/Studies/nodejs/studies/api-rest-testes/src/services/authService.js","statementMap":{"0":{"start":{"line":8,"column":4},"end":{"line":39,"column":5}},"1":{"start":{"line":9,"column":6},"end":{"line":11,"column":7}},"2":{"start":{"line":10,"column":8},"end":{"line":10,"column":61}},"3":{"start":{"line":13,"column":6},"end":{"line":15,"column":7}},"4":{"start":{"line":14,"column":8},"end":{"line":14,"column":61}},"5":{"start":{"line":17,"column":22},"end":{"line":17,"column":62}},"6":{"start":{"line":19,"column":6},"end":{"line":21,"column":7}},"7":{"start":{"line":20,"column":8},"end":{"line":20,"column":51}},"8":{"start":{"line":23,"column":26},"end":{"line":23,"column":75}},"9":{"start":{"line":25,"column":6},"end":{"line":27,"column":7}},"10":{"start":{"line":26,"column":8},"end":{"line":26,"column":54}},"11":{"start":{"line":29,"column":26},"end":{"line":34,"column":8}},"12":{"start":{"line":36,"column":6},"end":{"line":36,"column":59}},"13":{"start":{"line":38,"column":6},"end":{"line":38,"column":35}},"14":{"start":{"line":43,"column":4},"end":{"line":61,"column":5}},"15":{"start":{"line":44,"column":6},"end":{"line":46,"column":7}},"16":{"start":{"line":45,"column":8},"end":{"line":45,"column":61}},"17":{"start":{"line":54,"column":6},"end":{"line":54,"column":54}},"18":{"start":{"line":56,"column":22},"end":{"line":56,"column":39}},"19":{"start":{"line":57,"column":23},"end":{"line":57,"column":52}},"20":{"start":{"line":58,"column":6},"end":{"line":58,"column":62}},"21":{"start":{"line":60,"column":6},"end":{"line":60,"column":35}}},"fnMap":{"0":{"name":"(anonymous_0)","decl":{"start":{"line":7,"column":2},"end":{"line":7,"column":3}},"loc":{"start":{"line":7,"column":20},"end":{"line":40,"column":3}},"line":7},"1":{"name":"(anonymous_1)","decl":{"start":{"line":42,"column":2},"end":{"line":42,"column":3}},"loc":{"start":{"line":42,"column":31},"end":{"line":62,"column":3}},"line":42}},"branchMap":{"0":{"loc":{"start":{"line":9,"column":6},"end":{"line":11,"column":7}},"type":"if","locations":[{"start":{"line":9,"column":6},"end":{"line":11,"column":7}},{"start":{},"end":{}}],"line":9},"1":{"loc":{"start":{"line":13,"column":6},"end":{"line":15,"column":7}},"type":"if","locations":[{"start":{"line":13,"column":6},"end":{"line":15,"column":7}},{"start":{},"end":{}}],"line":13},"2":{"loc":{"start":{"line":19,"column":6},"end":{"line":21,"column":7}},"type":"if","locations":[{"start":{"line":19,"column":6},"end":{"line":21,"column":7}},{"start":{},"end":{}}],"line":19},"3":{"loc":{"start":{"line":25,"column":6},"end":{"line":27,"column":7}},"type":"if","locations":[{"start":{"line":25,"column":6},"end":{"line":27,"column":7}},{"start":{},"end":{}}],"line":25},"4":{"loc":{"start":{"line":44,"column":6},"end":{"line":46,"column":7}},"type":"if","locations":[{"start":{"line":44,"column":6},"end":{"line":46,"column":7}},{"start":{},"end":{}}],"line":44}},"s":{"0":0,"1":0,"2":0,"3":0,"4":0,"5":0,"6":0,"7":0,"8":0,"9":0,"10":0,"11":0,"12":0,"13":0,"14":1,"15":1,"16":0,"17":1,"18":1,"19":1,"20":1,"21":0},"f":{"0":0,"1":1},"b":{"0":[0,0],"1":[0,0],"2":[0,0],"3":[0,0],"4":[0,1]},"_coverageSchema":"1a1c01bbd47fc00a2c39e90264f33305004495a9","hash":"aeb0d1a1bd9543432c38a7547bd3f3bcbf2259a3"}
}
