TN:
SF:src/config/constants.js
FNF:0
FNH:0
DA:1,1
DA:3,1
LF:2
LH:2
BRF:0
BRH:0
end_of_record
TN:
SF:src/db/dbconfig.js
FNF:0
FNH:0
DA:5,1
DA:6,1
DA:8,1
LF:3
LH:3
BRF:0
BRH:0
end_of_record
TN:
SF:src/models/usuario.js
FN:6,(anonymous_0)
FN:22,(anonymous_1)
FN:26,(anonymous_2)
FN:31,(anonymous_3)
FN:36,(anonymous_4)
FN:38,(anonymous_5)
FN:40,(anonymous_6)
FN:43,(anonymous_7)
FN:52,(anonymous_8)
FN:59,(anonymous_9)
FNF:10
FNH:6
FNDA:2,(anonymous_0)
FNDA:0,(anonymous_1)
FNDA:0,(anonymous_2)
FNDA:0,(anonymous_3)
FNDA:1,(anonymous_4)
FNDA:1,(anonymous_5)
FNDA:1,(anonymous_6)
FNDA:0,(anonymous_7)
FNDA:1,(anonymous_8)
FNDA:1,(anonymous_9)
DA:14,2
DA:15,2
DA:16,2
DA:17,2
DA:18,2
DA:19,2
DA:23,0
DA:27,0
DA:28,0
DA:32,0
DA:33,0
DA:37,1
DA:38,1
DA:40,1
DA:45,0
DA:49,0
DA:54,1
DA:63,1
DA:64,0
DA:65,0
DA:67,1
DA:68,1
LF:22
LH:13
BRDA:14,0,0,2
BRDA:14,0,1,2
BRDA:18,1,0,2
BRDA:18,1,1,1
BRDA:19,2,0,2
BRDA:19,2,1,1
BRDA:63,3,0,0
BRDA:63,3,1,1
BRF:8
BRH:7
end_of_record
TN:
SF:src/services/authService.js
FN:7,(anonymous_0)
FN:42,(anonymous_1)
FNF:2
FNH:1
FNDA:0,(anonymous_0)
FNDA:1,(anonymous_1)
DA:8,0
DA:9,0
DA:10,0
DA:13,0
DA:14,0
DA:17,0
DA:19,0
DA:20,0
DA:23,0
DA:25,0
DA:26,0
DA:29,0
DA:36,0
DA:38,0
DA:43,1
DA:44,1
DA:45,0
DA:54,1
DA:56,1
DA:57,1
DA:58,1
DA:60,0
LF:22
LH:6
BRDA:9,0,0,0
BRDA:9,0,1,0
BRDA:13,1,0,0
BRDA:13,1,1,0
BRDA:19,2,0,0
BRDA:19,2,1,0
BRDA:25,3,0,0
BRDA:25,3,1,0
BRDA:44,4,0,0
BRDA:44,4,1,1
BRF:10
BRH:1
end_of_record
